https://www.avav37.com/htm/pic1/50458.htm
load page success
https://img.581gg.com/tp/2016/01/bpycxfipbm2.jpg
Traceback (most recent call last):
  File "crawlers.py", line 170, in <module>
    getImg(x,title);
  File "crawlers.py", line 65, in getImg
    print(title)
UnicodeEncodeError: 'ascii' codec can't encode characters in position 0-5: ordinal not in range(128)
https://www.avav37.com/htm/pic1/50459.htm
load page success
https://img.581gg.com/tp/2016/01/1vqlwqmpgpg.jpg
Traceback (most recent call last):
  File "crawlers.py", line 170, in <module>
    getImg(x,title);
  File "crawlers.py", line 65, in getImg
    print(title)
UnicodeEncodeError: 'ascii' codec can't encode characters in position 0-4: ordinal not in range(128)
https://www.avav37.com/htm/pic1/50460.htm
load page success
https://www.avav37.com/htm/pic1/50461.htm
load page success
https://www.avav37.com/htm/pic1/50462.htm
load page success
https://img.581gg.com/tp/2016/01/emc4u1vym0w.jpg
load image success
https://img.581gg.com/tp/2016/01/jyf3bu1zxdt.jpg
load image success
https://img.581gg.com/tp/2016/01/zevrpfwpws1.jpg
load image success
https://img.581gg.com/tp/2016/01/f13yxb4kfvb.jpg
load image success
https://img.581gg.com/tp/2016/01/cqesd3p0wh0.jpg
load image success
https://img.581gg.com/tp/2016/01/0rbi3tde2f3.jpg
load image success
https://img.581gg.com/tp/2016/01/deodejshglt.jpg
load image success
https://img.581gg.com/tp/2016/01/4tkqp3r3z4w.jpg
load image success
https://img.581gg.com/tp/2016/01/rdgdnzmoi2u.jpg
load image success
https://img.581gg.com/tp/2016/01/g4oufzry5bp.jpg
load image success
https://img.581gg.com/tp/2016/01/5ggsu1qtfyb.jpg
load image success
https://www.avav37.com/htm/pic1/50463.htm
load page success
https://img.581gg.com/tp/2016/01/p1bx2yq1mdr.jpg
load image success
https://img.581gg.com/tp/2016/01/rnkih4ovgbw.jpg
load image success
https://img.581gg.com/tp/2016/01/y4z4e5cv2tt.jpg
load image success
https://img.581gg.com/tp/2016/01/thofci51zee.jpg
load image success
https://img.581gg.com/tp/2016/01/qmf2vpuxeuf.jpg
load image success
https://img.581gg.com/tp/2016/01/jtzmby0n3zq.jpg
load image success
https://img.581gg.com/tp/2016/01/fqsvtmzfx5u.jpg
load image success
https://img.581gg.com/tp/2016/01/edzt2iacau2.jpg
load image success
https://img.581gg.com/tp/2016/01/g4xxa0s3hpl.jpg
load image success
https://img.581gg.com/tp/2016/01/lvs5v4wedm1.jpg
load image success
https://www.avav37.com/htm/pic1/50464.htm
load page success
https://img.581gg.com/tp/2016/01/mympdkgbdhy.jpg
load image success
https://img.581gg.com/tp/2016/01/oz1xvndiyjq.jpg
load image success
https://img.581gg.com/tp/2016/01/sutfjhkogsx.jpg
load image success
https://img.581gg.com/tp/2016/01/aysu2iecgby.jpg
load image success
https://img.581gg.com/tp/2016/01/y2zeqaicjel.jpg
load image success
https://img.581gg.com/tp/2016/01/q3zz0a4ldkd.jpg
load image success
https://img.581gg.com/tp/2016/01/dbqq2kmz0os.jpg
load image success
https://img.581gg.com/tp/2016/01/zldoqfsvywd.jpg
load image success
https://www.avav37.com/htm/pic1/50465.htm
load page success
https://img.581gg.com/tp/2016/01/vvz31jny1ma.jpg
load image success
https://img.581gg.com/tp/2016/01/02s00xqyi11.jpg
load image success
https://img.581gg.com/tp/2016/01/csucq1m52xo.jpg
load image success
https://img.581gg.com/tp/2016/01/ln2x0fzk4fw.jpg
load image success
https://img.581gg.com/tp/2016/01/4uadgjtsdga.jpg
load image success
https://img.581gg.com/tp/2016/01/p4bgjhnnwqj.jpg
load image success
https://img.581gg.com/tp/2016/01/fvvq0r4xdig.jpg
load image success
https://img.581gg.com/tp/2016/01/ei1rioqhgeg.jpg
load image success
https://img.581gg.com/tp/2016/01/qrrhbp04fpf.jpg
load image success
https://img.581gg.com/tp/2016/01/rkdyjuxo2wi.jpg
load image success
https://img.581gg.com/tp/2016/01/3ezd11pq3it.jpg
load image success
https://img.581gg.com/tp/2016/01/p1il3prmzkc.jpg
load image success
https://img.581gg.com/tp/2016/01/i2jrqtj4j2c.jpg
load image success
https://www.avav37.com/htm/pic1/50466.htm
load page success
https://img.581gg.com/tp/2016/01/kemagygbio4.jpg
load image success
https://img.581gg.com/tp/2016/01/i0sfoiym4v3.jpg
load image success
https://img.581gg.com/tp/2016/01/a5szrqb0m1i.jpg
load image success
https://img.581gg.com/tp/2016/01/ejqtf4qwog0.jpg
load image success
https://img.581gg.com/tp/2016/01/olny4punqhb.jpg
load image success
https://img.581gg.com/tp/2016/01/g3l4d3cl2sw.jpg
load image success
https://img.581gg.com/tp/2016/01/5wdgw3gbz04.jpg
load image success
https://img.581gg.com/tp/2016/01/hwukwmwzygs.jpg
load image success
https://img.581gg.com/tp/2016/01/ayzucwn54ug.jpg
load image success
https://img.581gg.com/tp/2016/01/bzmvvwovitt.jpg
load image success
https://img.581gg.com/tp/2016/01/q3rmeypnv2l.jpg
load image success
https://img.581gg.com/tp/2016/01/li1vr0vud5f.jpg
load image success
https://img.581gg.com/tp/2016/01/c0idk0thtmy.jpg
load image success
https://img.581gg.com/tp/2016/01/wwq1wb0nhnc.jpg
load image success
https://img.581gg.com/tp/2016/01/bs5jgwphhk5.jpg
load image success
https://www.avav37.com/htm/pic1/50467.htm
load page success
https://img.581gg.com/tp/2016/01/q0xfv2kfykb.jpg
load image success
https://img.581gg.com/tp/2016/01/eed3oiiadln.jpg
load image success
https://img.581gg.com/tp/2016/01/oyiofoigtlj.jpg
load image success
https://img.581gg.com/tp/2016/01/gd1qqz4p0wk.jpg
load image success
https://img.581gg.com/tp/2016/01/aavq24btqke.jpg
load image success
https://img.581gg.com/tp/2016/01/3nualmf4wcm.jpg
load image success
https://img.581gg.com/tp/2016/01/oaftjeysy2k.jpg
load image success
https://img.581gg.com/tp/2016/01/brtwnlayvkf.jpg
load image success
https://img.581gg.com/tp/2016/01/qrd35j0v3mq.jpg
load image success
https://img.581gg.com/tp/2016/01/2tfuvxnfyhu.jpg
load image success
https://img.581gg.com/tp/2016/01/4itxvh1hwok.jpg
load image success
https://img.581gg.com/tp/2016/01/4lumedxyocm.jpg
load image success
https://img.581gg.com/tp/2016/01/bfweobskwql.jpg
load image success
https://img.581gg.com/tp/2016/01/gzrrh34uc3o.jpg
load image success
https://img.581gg.com/tp/2016/01/2nem4c5uys2.jpg
load image success
https://img.581gg.com/tp/2016/01/thyijig4zfj.jpg
load image success
https://img.581gg.com/tp/2016/01/e3mkrx5uv05.jpg
load image success
https://img.581gg.com/tp/2016/01/0i2latv4jcy.jpg
load image success
https://img.581gg.com/tp/2016/01/h2gx0v1fpd3.jpg
load image success
https://img.581gg.com/tp/2016/01/150f2fdw40g.jpg
load image success
https://www.avav37.com/htm/pic1/50468.htm
load page success
https://img.581gg.com/tp/2016/01/2irk4q5x3s1.jpg
load image success
https://img.581gg.com/tp/2016/01/2gfxdtjowvi.jpg
load image success
https://img.581gg.com/tp/2016/01/e22vfpjcs13.jpg
load image success
https://img.581gg.com/tp/2016/01/2lbcy2decom.jpg
load image success
https://img.581gg.com/tp/2016/01/wlptcmjilih.jpg
load image success
https://img.581gg.com/tp/2016/01/ss0asy3xxs3.jpg
load image success
https://img.581gg.com/tp/2016/01/lw5vpb1gvar.jpg
load image success
https://img.581gg.com/tp/2016/01/w5bqw2cpvad.jpg
load image success
https://img.581gg.com/tp/2016/01/ppij22c1fip.jpg
load image success
https://img.581gg.com/tp/2016/01/nl14whr220w.jpg
load image success
https://img.581gg.com/tp/2016/01/h0pb5cgvpw5.jpg
load image success
https://img.581gg.com/tp/2016/01/xb5gacqm5xw.jpg
load image success
https://img.581gg.com/tp/2016/01/y0nv0wl2rdj.jpg
load image success
https://img.581gg.com/tp/2016/01/hbsuev11urg.jpg
load image success
https://img.581gg.com/tp/2016/01/is0uyj3ss2y.jpg
load image success
https://img.581gg.com/tp/2016/01/dm5y3xfi5ub.jpg
load image success
https://img.581gg.com/tp/2016/01/glr4zja43b2.jpg
load image success
https://www.avav37.com/htm/pic1/50469.htm
load page success
https://img.581gg.com/tp/2016/01/5zzibjoir4o.jpg
load image success
https://img.581gg.com/tp/2016/01/mjrdlv5klyk.jpg
load image success
https://img.581gg.com/tp/2016/01/2hzulpncw2a.jpg
load image success
https://img.581gg.com/tp/2016/01/pfi10lcn54j.jpg
load image success
https://img.581gg.com/tp/2016/01/p3dcj3ylf2x.jpg
load image success
https://img.581gg.com/tp/2016/01/31f5m5uqjkm.jpg
load image success
https://img.581gg.com/tp/2016/01/twdp4s01xzg.jpg
load image success
https://img.581gg.com/tp/2016/01/oaynqehzs1m.jpg
load image success
https://img.581gg.com/tp/2016/01/hbmgufme3mg.jpg
load image success
https://img.581gg.com/tp/2016/01/vvd35joeuyq.jpg
load image success
https://www.avav37.com/htm/pic1/50470.htm
load page success
https://img.581gg.com/tp/2016/01/jq4btckokme.jpg
load image success
https://img.581gg.com/tp/2016/01/njnxyntphyo.jpg
load image success
https://img.581gg.com/tp/2016/01/ktngnnjyon2.jpg
load image success
https://img.581gg.com/tp/2016/01/yrmpi4w4msm.jpg
load image success
https://img.581gg.com/tp/2016/01/avezod214qo.jpg
load image success
https://img.581gg.com/tp/2016/01/piceow0beph.jpg
load image success
https://img.581gg.com/tp/2016/01/4xaw4zycf5o.jpg
load image success
https://img.581gg.com/tp/2016/01/3bfatecavpt.jpg
load image success
https://img.581gg.com/tp/2016/01/wqmjio0g1qr.jpg
load image success
https://img.581gg.com/tp/2016/01/hzihvlimmte.jpg
load image success
https://img.581gg.com/tp/2016/01/wwoeu55iwsd.jpg
load image success
https://www.avav37.com/htm/pic1/50471.htm
load page success
https://www.avav37.com/htm/pic1/50472.htm
load page success
https://img.581gg.com/tp/2016/01/wvyskjsflcf.jpg
load image success
https://img.581gg.com/tp/2016/01/gsgtum34qiz.jpg
load image success
https://img.581gg.com/tp/2016/01/3du02txdzim.jpg
load image success
https://img.581gg.com/tp/2016/01/tydckbwzovn.jpg
load image success
https://img.581gg.com/tp/2016/01/paipch2n0xv.jpg
load image success
https://img.581gg.com/tp/2016/01/ezbuj510krn.jpg
load image success
https://img.581gg.com/tp/2016/01/5he4vnvks0v.jpg
load image success
https://img.581gg.com/tp/2016/01/xtyrtyzwfwh.jpg
load image success
https://img.581gg.com/tp/2016/01/qw0umy4ymgy.jpg
load image success
https://img.581gg.com/tp/2016/01/5psu0v0sllv.jpg
load image success
https://img.581gg.com/tp/2016/01/h2zmnykf3ks.jpg
load image success
https://img.581gg.com/tp/2016/01/f2ftpyeval4.jpg
load image success
https://img.581gg.com/tp/2016/01/p1vbnmrk3e5.jpg
load image success
https://img.581gg.com/tp/2016/01/s4yldq3foh0.jpg
load image success
https://img.581gg.com/tp/2016/01/rxq5czf0twk.jpg
load image success
https://img.581gg.com/tp/2016/01/ocprjv3wyo3.jpg
load image success
https://img.581gg.com/tp/2016/01/stdoid3iddx.jpg
load image success
https://img.581gg.com/tp/2016/01/ijr4fjhzs5f.jpg
load image success
https://img.581gg.com/tp/2016/01/1qnpcgqysmf.jpg
load image success
https://img.581gg.com/tp/2016/01/vbhbdjlata0.jpg
load image success
https://www.avav37.com/htm/pic1/50473.htm
load page success
https://img.581gg.com/tp/2016/01/gsbtgkvo3q2.jpg
load image success
https://img.581gg.com/tp/2016/01/1bfg0rabsyn.jpg
load image success
https://img.581gg.com/tp/2016/01/beuc5prm1ay.jpg
load image success
https://img.581gg.com/tp/2016/01/hqztvqkeb05.jpg
load image success
https://img.581gg.com/tp/2016/01/5fdngx22rcs.jpg
load image success
https://img.581gg.com/tp/2016/01/bw1crybqlb0.jpg
load image success
https://img.581gg.com/tp/2016/01/4nrcryag5im.jpg
load image success
https://img.581gg.com/tp/2016/01/mr033ssfaz3.jpg
load image success
https://img.581gg.com/tp/2016/01/fpiqnoea5pa.jpg
load image success
https://www.avav37.com/htm/pic1/50474.htm
load page success
https://img.581gg.com/tp/2016/01/fcol0gdz0kb.jpg
load image success
https://img.581gg.com/tp/2016/01/fxaahg5a0dd.jpg
load image success
https://img.581gg.com/tp/2016/01/wuqrhmesyv3.jpg
load image success
https://img.581gg.com/tp/2016/01/uuq0mrtqlpr.jpg
load image success
https://img.581gg.com/tp/2016/01/gcptcej4fxw.jpg
load image success
https://img.581gg.com/tp/2016/01/5lmmreac1ue.jpg
load image success
https://img.581gg.com/tp/2016/01/orgc2xggeo1.jpg
load image success
https://img.581gg.com/tp/2016/01/ghbcpfq3mru.jpg
load image success
https://img.581gg.com/tp/2016/01/sknbwwrnvqt.jpg
load image success
https://img.581gg.com/tp/2016/01/djp5fg5r0fs.jpg
load image success
https://img.581gg.com/tp/2016/01/nzz4xv2qgkq.jpg
load image success
https://img.581gg.com/tp/2016/01/ooy241qmild.jpg
load image success
https://img.581gg.com/tp/2016/01/fqtwynulnpm.jpg
load image success
https://img.581gg.com/tp/2016/01/xgy3tu5fkwg.jpg
load image success
https://img.581gg.com/tp/2016/01/2zgxmv5khxp.jpg
load image success
https://img.581gg.com/tp/2016/01/pcqwmhxf50e.jpg
load image success
https://img.581gg.com/tp/2016/01/0xqn3q1appr.jpg
load image success
https://img.581gg.com/tp/2016/01/qzbw2oguvmp.jpg
load image success
https://img.581gg.com/tp/2016/01/jp3zvda1lcs.jpg
load image success
https://www.avav37.com/htm/pic1/50475.htm
load page success
https://img.581gg.com/tp/2016/01/e0tszv1rdd0.jpg
load image success
https://img.581gg.com/tp/2016/01/1o5sg3zm4bb.jpg
load image success
https://img.581gg.com/tp/2016/01/x4a4rpagldm.jpg
load image success
https://img.581gg.com/tp/2016/01/lbi320lasxr.jpg
load image success
https://img.581gg.com/tp/2016/01/bxjbjoaxk2a.jpg
load image success
https://img.581gg.com/tp/2016/01/oycvdms5yon.jpg
load image success
https://img.581gg.com/tp/2016/01/uixsygoevqb.jpg
load image success
https://img.581gg.com/tp/2016/01/frhgkqludqe.jpg
load image success
https://img.581gg.com/tp/2016/01/0zqugqpp0x4.jpg
load image success
https://img.581gg.com/tp/2016/01/qahdtgq4bwi.jpg
load image success
https://img.581gg.com/tp/2016/01/k503shfleul.jpg
load image success
https://img.581gg.com/tp/2016/01/mt0mhqhehdb.jpg
load image success
https://img.581gg.com/tp/2016/01/ueqcirsbmhy.jpg
load image success
https://www.avav37.com/htm/pic1/50476.htm
load page success
https://img.581gg.com/tp/2016/01/3jxjll1bqnp.jpg
load image success
https://img.581gg.com/tp/2016/01/j4x10nkil3w.jpg
load image success
https://img.581gg.com/tp/2016/01/antpgrjs14z.jpg
load image success
https://img.581gg.com/tp/2016/01/zrqzjs4cvli.jpg
load image success
https://img.581gg.com/tp/2016/01/ak0mdo0jh4m.jpg
load image success
https://img.581gg.com/tp/2016/01/qbepeezwyme.jpg
load image success
https://img.581gg.com/tp/2016/01/3sqzvpb5nmc.jpg
load image success
https://img.581gg.com/tp/2016/01/v0ezj145fec.jpg
load image success
https://img.581gg.com/tp/2016/01/3slxghsg2dt.jpg
load image success
https://img.581gg.com/tp/2016/01/qgo1v0niiuz.jpg
load image success
https://img.581gg.com/tp/2016/01/v5d2wug40jx.jpg
load image success
https://img.581gg.com/tp/2016/01/e2qsa55nptu.jpg
load image success
https://img.581gg.com/tp/2016/01/hvjklc30cnn.jpg
load image success
https://img.581gg.com/tp/2016/01/jqkvzggqryx.jpg
load image success
https://img.581gg.com/tp/2016/01/kjbnds2bvyp.jpg
load image success
https://www.avav37.com/htm/pic1/50477.htm
load page success
https://img.581gg.com/tp/2016/01/4na42t2upop.jpg
load image success
https://img.581gg.com/tp/2016/01/4ci13vufmip.jpg
load image success
https://img.581gg.com/tp/2016/01/bozvzyvbh1f.jpg
load image success
https://img.581gg.com/tp/2016/01/0axsdm2vfyw.jpg
load image success
https://img.581gg.com/tp/2016/01/lpkrno02h0a.jpg
load image success
https://img.581gg.com/tp/2016/01/frs4bzmlwih.jpg
load image success
https://img.581gg.com/tp/2016/01/byoutcruf0p.jpg
load image success
https://img.581gg.com/tp/2016/01/t3ua4nsk4e0.jpg
load image success
https://img.581gg.com/tp/2016/01/1ldbmg45pwx.jpg
load image success
https://img.581gg.com/tp/2016/01/goeb5hazvik.jpg
load image success
https://www.avav37.com/htm/pic1/50478.htm
load page success
https://img.581gg.com/tp/2016/01/xufdussbu5u.jpg
load image success
https://img.581gg.com/tp/2016/01/rywemkmk4qr.jpg
load image success
https://img.581gg.com/tp/2016/01/54i5rcx2om5.jpg
load image success
https://img.581gg.com/tp/2016/01/tqw1wmbebmz.jpg
load image success
https://img.581gg.com/tp/2016/01/p0ey1h12w11.jpg
load image success
https://img.581gg.com/tp/2016/01/klqf0ys35ks.jpg
load image success
https://img.581gg.com/tp/2016/01/g0znrdkurza.jpg
load image success
https://img.581gg.com/tp/2016/01/pfj5mjyrouu.jpg
load image success
https://img.581gg.com/tp/2016/01/bjzt1xytmn5.jpg
load image success
https://img.581gg.com/tp/2016/01/rvzwq1yqtvp.jpg
load image success
https://www.avav37.com/htm/pic1/50479.htm
load page success
https://www.avav37.com/htm/pic1/50480.htm
load page success
https://img.581gg.com/tp/2016/01/h1qvhfyx4pf.jpg
load image success
https://img.581gg.com/tp/2016/01/dus5o13ewjw.jpg
load image success
https://img.581gg.com/tp/2016/01/1jtt2spj4xn.jpg
load image success
https://img.581gg.com/tp/2016/01/5gtzh11g2l3.jpg
load image success
https://img.581gg.com/tp/2016/01/nzxghpcgv5g.jpg
load image success
https://img.581gg.com/tp/2016/01/wkmzj1v20x3.jpg
load image success
https://img.581gg.com/tp/2016/01/hsvdxzerylc.jpg
load image success
https://img.581gg.com/tp/2016/01/x4zorpf0b3t.jpg
load image success
https://img.581gg.com/tp/2016/01/muyglvbas24.jpg
load image success
https://img.581gg.com/tp/2016/01/fnqpxqi2stz.jpg
load image success
https://img.581gg.com/tp/2016/01/rrk1f23obvo.jpg
load image success
https://img.581gg.com/tp/2016/01/mrjgxyuo4ox.jpg
load image success
https://img.581gg.com/tp/2016/01/eoevtvpv03r.jpg
load image success
https://img.581gg.com/tp/2016/01/gydb5udiavw.jpg
load image success
https://img.581gg.com/tp/2016/01/4sth32nxs5o.jpg
load image success
https://img.581gg.com/tp/2016/01/ms4kvdfta54.jpg
load image success
https://img.581gg.com/tp/2016/01/kgjan124ct1.jpg
load image success
https://img.581gg.com/tp/2016/01/vshe1disifq.jpg
load image success
https://img.581gg.com/tp/2016/01/kgoivctvutt.jpg
load image success
https://img.581gg.com/tp/2016/01/pv3kicxkicr.jpg
load image success
https://img.581gg.com/tp/2016/01/m2oorm5lmna.jpg
load image success
https://img.581gg.com/tp/2016/01/r3qjuqhodsv.jpg
load image success
https://img.581gg.com/tp/2016/01/0vbpik5h1qk.jpg
load image success
https://img.581gg.com/tp/2016/01/r5horsdzevf.jpg
load image success
https://img.581gg.com/tp/2016/01/lfjwdza2exx.jpg
load image success
https://img.581gg.com/tp/2016/01/m5iwpvugbih.jpg
load image success
https://img.581gg.com/tp/2016/01/spvmjruzodk.jpg
load image success
https://img.581gg.com/tp/2016/01/04sqk14tkds.jpg
load image success
https://img.581gg.com/tp/2016/01/hub2uyrlede.jpg
load image success
https://img.581gg.com/tp/2016/01/gfpfyb5uhcg.jpg
load image success
https://www.avav37.com/htm/pic1/50481.htm
load page success
https://img.581gg.com/tp/2016/01/eyy1bhaooc5.jpg
load image success
https://img.581gg.com/tp/2016/01/00kd4lqdl4x.jpg
load image success
https://img.581gg.com/tp/2016/01/fllwnf3veli.jpg
load image success
https://img.581gg.com/tp/2016/01/a30eomad1a4.jpg
load image success
https://img.581gg.com/tp/2016/01/d2xhwq0svg3.jpg
load image success
https://img.581gg.com/tp/2016/01/rjtgs00rrzy.jpg
load image success
https://img.581gg.com/tp/2016/01/dj0l2dauzmg.jpg
load image success
https://img.581gg.com/tp/2016/01/33gc4tyuaui.jpg
load image success
https://img.581gg.com/tp/2016/01/k0fsb4znk2r.jpg
load image success
https://img.581gg.com/tp/2016/01/2cgcc30bxz2.jpg
load image success
https://img.581gg.com/tp/2016/01/fqznjthx4ll.jpg
load image success
https://img.581gg.com/tp/2016/01/afxcwobuyrt.jpg
load image success
https://img.581gg.com/tp/2016/01/r4eozl1cfuv.jpg
load image success
https://www.avav37.com/htm/pic1/50482.htm
load page success
https://img.581gg.com/tp/2016/01/riskuyhftaq.jpg
load image success
https://img.581gg.com/tp/2016/01/hyer5wiiftu.jpg
load image success
https://img.581gg.com/tp/2016/01/0j0qglsnozj.jpg
load image success
https://img.581gg.com/tp/2016/01/bozf2lmhxfp.jpg
load image success
https://img.581gg.com/tp/2016/01/bv2olxq5dxq.jpg
load image success
https://img.581gg.com/tp/2016/01/bkajbkleul1.jpg
load image success
https://img.581gg.com/tp/2016/01/gwufl0vgdrp.jpg
load image success
https://img.581gg.com/tp/2016/01/k5ldpvp3juy.jpg
load image success
https://img.581gg.com/tp/2016/01/qawwb0nmpzy.jpg
load image success
https://img.581gg.com/tp/2016/01/b3mnhih0q34.jpg
load image success
https://img.581gg.com/tp/2016/01/vpatamjhkg1.jpg
load image success
https://img.581gg.com/tp/2016/01/kdxydy20fit.jpg
load image success
https://img.581gg.com/tp/2016/01/abgi0jkdjmf.jpg
load image success
https://img.581gg.com/tp/2016/01/ctmfac2s0n5.jpg
load image success
https://img.581gg.com/tp/2016/01/xnbxzw0msu5.jpg
load image success
https://img.581gg.com/tp/2016/01/3nkqmzapzb5.jpg
load image success
https://img.581gg.com/tp/2016/01/jjzfmhpwa5n.jpg
load image success
https://www.avav37.com/htm/pic1/50483.htm
load page success
https://img.581gg.com/tp/2016/01/nk02nwscduk.jpg
<type 'exceptions.Exception'> : HTTP Error 404: Not Found
image try again
<type 'exceptions.Exception'> : HTTP Error 404: Not Found
image try again
https://img.581gg.com/tp/2016/01/15hgmhvyuvi.jpg
load image success
https://img.581gg.com/tp/2016/01/yujpor5cznu.jpg
load image success
https://img.581gg.com/tp/2016/01/4os5p3bvzpq.jpg
load image success
https://img.581gg.com/tp/2016/01/hucbaizise5.jpg
load image success
https://img.581gg.com/tp/2016/01/wd2oa0yjvpm.jpg
load image success
https://img.581gg.com/tp/2016/01/xk51tneu3or.jpg
load image success
https:/